<?xml version="1.0" encoding="UTF-8"?>
<testng-results ignored="0" total="4" passed="3" failed="1" skipped="0">
  <reporter-output>
  </reporter-output>
  <suite started-at="2024-11-22T19:27:33 IST" name="Suite" finished-at="2024-11-22T19:28:56 IST" duration-ms="83785">
    <groups>
      <group name="Master">
        <method signature="TC001_AccountRegistrationTest.verifyAccountRegistrationTest()[pri:0, instance:testcases.TC001_AccountRegistrationTest@6b9ce1bf]" name="verifyAccountRegistrationTest" class="testcases.TC001_AccountRegistrationTest"/>
        <method signature="TC002_LoginTest.verifyLogin()[pri:0, instance:testcases.TC002_LoginTest@79da1ec0]" name="verifyLogin" class="testcases.TC002_LoginTest"/>
        <method signature="TC001_AccountRegistrationTest.verifyAccountRegistrationTest()[pri:0, instance:testcases.TC001_AccountRegistrationTest@3c435123]" name="verifyAccountRegistrationTest" class="testcases.TC001_AccountRegistrationTest"/>
        <method signature="TC002_LoginTest.verifyLogin()[pri:0, instance:testcases.TC002_LoginTest@50fe837a]" name="verifyLogin" class="testcases.TC002_LoginTest"/>
      </group> <!-- Master -->
      <group name="Sanity">
        <method signature="TC002_LoginTest.verifyLogin()[pri:0, instance:testcases.TC002_LoginTest@79da1ec0]" name="verifyLogin" class="testcases.TC002_LoginTest"/>
        <method signature="TC002_LoginTest.verifyLogin()[pri:0, instance:testcases.TC002_LoginTest@50fe837a]" name="verifyLogin" class="testcases.TC002_LoginTest"/>
      </group> <!-- Sanity -->
      <group name="Reg">
        <method signature="TC001_AccountRegistrationTest.verifyAccountRegistrationTest()[pri:0, instance:testcases.TC001_AccountRegistrationTest@6b9ce1bf]" name="verifyAccountRegistrationTest" class="testcases.TC001_AccountRegistrationTest"/>
        <method signature="TC001_AccountRegistrationTest.verifyAccountRegistrationTest()[pri:0, instance:testcases.TC001_AccountRegistrationTest@3c435123]" name="verifyAccountRegistrationTest" class="testcases.TC001_AccountRegistrationTest"/>
      </group> <!-- Reg -->
    </groups>
    <test started-at="2024-11-22T19:27:33 IST" name="Linux_chrome" finished-at="2024-11-22T19:28:21 IST" duration-ms="48240">
      <class name="testcases.TC001_AccountRegistrationTest">
        <test-method is-config="true" signature="setUP(java.lang.String,java.lang.String)[pri:0, instance:testcases.TC001_AccountRegistrationTest@6b9ce1bf]" started-at="2024-11-22T19:27:33 IST" name="setUP" finished-at="2024-11-22T19:28:11 IST" duration-ms="37856" status="PASS">
          <params>
            <param index="0">
              <value>
                <![CDATA[Linux]]>
              </value>
            </param>
            <param index="1">
              <value>
                <![CDATA[chrome]]>
              </value>
            </param>
          </params>
          <reporter-output>
          </reporter-output>
        </test-method> <!-- setUP -->
        <test-method signature="verifyAccountRegistrationTest()[pri:0, instance:testcases.TC001_AccountRegistrationTest@6b9ce1bf]" started-at="2024-11-22T19:28:11 IST" name="verifyAccountRegistrationTest" finished-at="2024-11-22T19:28:14 IST" duration-ms="3159" status="PASS">
          <reporter-output>
          </reporter-output>
        </test-method> <!-- verifyAccountRegistrationTest -->
        <test-method is-config="true" signature="tearUP()[pri:0, instance:testcases.TC001_AccountRegistrationTest@6b9ce1bf]" started-at="2024-11-22T19:28:14 IST" name="tearUP" finished-at="2024-11-22T19:28:14 IST" duration-ms="165" status="PASS">
          <reporter-output>
          </reporter-output>
        </test-method> <!-- tearUP -->
      </class> <!-- testcases.TC001_AccountRegistrationTest -->
      <class name="testcases.TC002_LoginTest">
        <test-method is-config="true" signature="setUP(java.lang.String,java.lang.String)[pri:0, instance:testcases.TC002_LoginTest@79da1ec0]" started-at="2024-11-22T19:28:14 IST" name="setUP" finished-at="2024-11-22T19:28:18 IST" duration-ms="3619" status="PASS">
          <params>
            <param index="0">
              <value>
                <![CDATA[Linux]]>
              </value>
            </param>
            <param index="1">
              <value>
                <![CDATA[chrome]]>
              </value>
            </param>
          </params>
          <reporter-output>
          </reporter-output>
        </test-method> <!-- setUP -->
        <test-method signature="verifyLogin()[pri:0, instance:testcases.TC002_LoginTest@79da1ec0]" started-at="2024-11-22T19:28:18 IST" name="verifyLogin" finished-at="2024-11-22T19:28:20 IST" duration-ms="2310" status="PASS">
          <reporter-output>
          </reporter-output>
        </test-method> <!-- verifyLogin -->
        <test-method is-config="true" signature="tearUP()[pri:0, instance:testcases.TC002_LoginTest@79da1ec0]" started-at="2024-11-22T19:28:20 IST" name="tearUP" finished-at="2024-11-22T19:28:21 IST" duration-ms="916" status="PASS">
          <reporter-output>
          </reporter-output>
        </test-method> <!-- tearUP -->
      </class> <!-- testcases.TC002_LoginTest -->
    </test> <!-- Linux_chrome -->
    <test started-at="2024-11-22T19:28:23 IST" name="Linux_firefox" finished-at="2024-11-22T19:28:56 IST" duration-ms="33327">
      <class name="testcases.TC001_AccountRegistrationTest">
        <test-method is-config="true" signature="setUP(java.lang.String,java.lang.String)[pri:0, instance:testcases.TC001_AccountRegistrationTest@3c435123]" started-at="2024-11-22T19:28:23 IST" name="setUP" finished-at="2024-11-22T19:28:40 IST" duration-ms="17074" status="PASS">
          <params>
            <param index="0">
              <value>
                <![CDATA[Linux]]>
              </value>
            </param>
            <param index="1">
              <value>
                <![CDATA[firefox]]>
              </value>
            </param>
          </params>
          <reporter-output>
          </reporter-output>
        </test-method> <!-- setUP -->
        <test-method signature="verifyAccountRegistrationTest()[pri:0, instance:testcases.TC001_AccountRegistrationTest@3c435123]" started-at="2024-11-22T19:28:40 IST" name="verifyAccountRegistrationTest" finished-at="2024-11-22T19:28:43 IST" duration-ms="2501" status="FAIL">
          <exception class="java.lang.AssertionError">
            <message>
              <![CDATA[expected [true] but found [false]]]>
            </message>
            <full-stacktrace>
              <![CDATA[java.lang.AssertionError: expected [true] but found [false]
at org.testng.Assert.fail(Assert.java:111)
at org.testng.Assert.failNotEquals(Assert.java:1578)
at org.testng.Assert.assertTrue(Assert.java:57)
at org.testng.Assert.assertTrue(Assert.java:67)
at testcases.TC001_AccountRegistrationTest.verifyAccountRegistrationTest(TC001_AccountRegistrationTest.java:45)
at java.base/jdk.internal.reflect.NativeMethodAccessorImpl.invoke0(Native Method)
at java.base/jdk.internal.reflect.NativeMethodAccessorImpl.invoke(NativeMethodAccessorImpl.java:77)
at java.base/jdk.internal.reflect.DelegatingMethodAccessorImpl.invoke(DelegatingMethodAccessorImpl.java:43)
at java.base/java.lang.reflect.Method.invoke(Method.java:568)
at org.testng.internal.invokers.MethodInvocationHelper.invokeMethod(MethodInvocationHelper.java:141)
at org.testng.internal.invokers.TestInvoker.invokeMethod(TestInvoker.java:686)
at org.testng.internal.invokers.TestInvoker.invokeTestMethod(TestInvoker.java:230)
at org.testng.internal.invokers.MethodRunner.runInSequence(MethodRunner.java:63)
at org.testng.internal.invokers.TestInvoker$MethodInvocationAgent.invoke(TestInvoker.java:992)
at org.testng.internal.invokers.TestInvoker.invokeTestMethods(TestInvoker.java:203)
at org.testng.internal.invokers.TestMethodWorker.invokeTestMethods(TestMethodWorker.java:154)
at org.testng.internal.invokers.TestMethodWorker.run(TestMethodWorker.java:134)
at java.base/java.util.ArrayList.forEach(ArrayList.java:1511)
at org.testng.TestRunner.privateRun(TestRunner.java:739)
at org.testng.TestRunner.run(TestRunner.java:614)
at org.testng.SuiteRunner.runTest(SuiteRunner.java:421)
at org.testng.SuiteRunner.runSequentially(SuiteRunner.java:413)
at org.testng.SuiteRunner.privateRun(SuiteRunner.java:373)
at org.testng.SuiteRunner.run(SuiteRunner.java:312)
at org.testng.SuiteRunnerWorker.runSuite(SuiteRunnerWorker.java:52)
at org.testng.SuiteRunnerWorker.run(SuiteRunnerWorker.java:95)
at org.testng.TestNG.runSuitesSequentially(TestNG.java:1274)
at org.testng.TestNG.runSuitesLocally(TestNG.java:1208)
at org.testng.TestNG.runSuites(TestNG.java:1112)
at org.testng.TestNG.run(TestNG.java:1079)
at org.testng.remote.AbstractRemoteTestNG.run(AbstractRemoteTestNG.java:115)
at org.testng.remote.RemoteTestNG.initAndRun(RemoteTestNG.java:293)
at org.testng.remote.RemoteTestNG.main(RemoteTestNG.java:91)
]]>
            </full-stacktrace>
          </exception> <!-- java.lang.AssertionError -->
          <reporter-output>
          </reporter-output>
        </test-method> <!-- verifyAccountRegistrationTest -->
        <test-method is-config="true" signature="tearUP()[pri:0, instance:testcases.TC001_AccountRegistrationTest@3c435123]" started-at="2024-11-22T19:28:43 IST" name="tearUP" finished-at="2024-11-22T19:28:44 IST" duration-ms="993" status="PASS">
          <reporter-output>
          </reporter-output>
        </test-method> <!-- tearUP -->
      </class> <!-- testcases.TC001_AccountRegistrationTest -->
      <class name="testcases.TC002_LoginTest">
        <test-method is-config="true" signature="setUP(java.lang.String,java.lang.String)[pri:0, instance:testcases.TC002_LoginTest@50fe837a]" started-at="2024-11-22T19:28:44 IST" name="setUP" finished-at="2024-11-22T19:28:53 IST" duration-ms="9493" status="PASS">
          <params>
            <param index="0">
              <value>
                <![CDATA[Linux]]>
              </value>
            </param>
            <param index="1">
              <value>
                <![CDATA[firefox]]>
              </value>
            </param>
          </params>
          <reporter-output>
          </reporter-output>
        </test-method> <!-- setUP -->
        <test-method signature="verifyLogin()[pri:0, instance:testcases.TC002_LoginTest@50fe837a]" started-at="2024-11-22T19:28:53 IST" name="verifyLogin" finished-at="2024-11-22T19:28:55 IST" duration-ms="1930" status="PASS">
          <reporter-output>
          </reporter-output>
        </test-method> <!-- verifyLogin -->
        <test-method is-config="true" signature="tearUP()[pri:0, instance:testcases.TC002_LoginTest@50fe837a]" started-at="2024-11-22T19:28:55 IST" name="tearUP" finished-at="2024-11-22T19:28:56 IST" duration-ms="1161" status="PASS">
          <reporter-output>
          </reporter-output>
        </test-method> <!-- tearUP -->
      </class> <!-- testcases.TC002_LoginTest -->
    </test> <!-- Linux_firefox -->
  </suite> <!-- Suite -->
</testng-results>
